<?xml version="1.0" encoding="UTF-8"?>
<testng-results ignored="0" total="5" passed="5" failed="0" skipped="0">
  <reporter-output>
  </reporter-output>
  <suite started-at="2026-02-19T02:30:10 IST" name="Default suite" finished-at="2026-02-19T02:30:11 IST" duration-ms="1047">
    <groups>
    </groups>
    <test started-at="2026-02-19T02:30:10 IST" name="Default test" finished-at="2026-02-19T02:30:11 IST" duration-ms="1047">
      <class name="test.TestExample">
        <test-method signature="test1()[pri:0, instance:test.TestExample@62150f9e]" started-at="2026-02-19T02:30:10 IST" name="test1" finished-at="2026-02-19T02:30:11 IST" duration-ms="877" status="PASS">
          <reporter-output>
          </reporter-output>
        </test-method> <!-- test1 -->
        <test-method signature="test2()[pri:0, instance:test.TestExample@62150f9e]" started-at="2026-02-19T02:30:11 IST" name="test2" finished-at="2026-02-19T02:30:11 IST" duration-ms="10" status="PASS">
          <reporter-output>
          </reporter-output>
        </test-method> <!-- test2 -->
        <test-method signature="test3()[pri:0, instance:test.TestExample@62150f9e]" started-at="2026-02-19T02:30:11 IST" name="test3" finished-at="2026-02-19T02:30:11 IST" duration-ms="73" status="PASS">
          <reporter-output>
          </reporter-output>
        </test-method> <!-- test3 -->
        <test-method signature="test4()[pri:0, instance:test.TestExample@62150f9e]" started-at="2026-02-19T02:30:11 IST" name="test4" finished-at="2026-02-19T02:30:11 IST" duration-ms="36" status="PASS">
          <reporter-output>
          </reporter-output>
        </test-method> <!-- test4 -->
        <test-method signature="test5()[pri:0, instance:test.TestExample@62150f9e]" started-at="2026-02-19T02:30:11 IST" name="test5" finished-at="2026-02-19T02:30:11 IST" duration-ms="35" status="PASS">
          <reporter-output>
          </reporter-output>
        </test-method> <!-- test5 -->
      </class> <!-- test.TestExample -->
    </test> <!-- Default test -->
  </suite> <!-- Default suite -->
</testng-results>
