<?xml version="1.0" encoding="UTF-8"?>
<!-- Generated by org.testng.reporters.JUnitReportReporter -->
<testsuite hostname="Rahuls-MacBook-Air.local" failures="0" tests="5" name="test.TestExample" time="1.031" errors="0" timestamp="2026-02-19T02:30:11 IST" skipped="0">
  <testcase classname="test.TestExample" name="test3" time="0.073"/>
  <testcase classname="test.TestExample" name="test2" time="0.010"/>
  <testcase classname="test.TestExample" name="test1" time="0.877"/>
  <testcase classname="test.TestExample" name="test4" time="0.036"/>
  <testcase classname="test.TestExample" name="test5" time="0.035"/>
</testsuite> <!-- test.TestExample -->
