<?xml version="1.0" encoding="UTF-8"?>
<!-- Generated by org.testng.reporters.JUnitXMLReporter -->
<testsuite ignored="0" hostname="Rahuls-MacBook-Air.local" failures="0" tests="5" name="Default test" time="1.047" errors="0" timestamp="2026-02-19T02:30:11 IST">
  <testcase classname="test.TestExample" name="test1" time="0.877"/>
  <testcase classname="test.TestExample" name="test2" time="0.01"/>
  <testcase classname="test.TestExample" name="test3" time="0.073"/>
  <testcase classname="test.TestExample" name="test4" time="0.036"/>
  <testcase classname="test.TestExample" name="test5" time="0.035"/>
</testsuite> <!-- Default test -->
